Wed Mar 06 17:22:56 CET 2019 : Servidor de red Apache Derby: Se ha iniciado 10.11.1.2 - (1629631) y está listo para aceptar las conexiones en el puerto 1527
----------------------------------------------------------------
Wed Mar 06 17:22:57 CET 2019:
 Iniciando instancia a816c00e-0169-53d0-a5d2-ffffa3139bb4 de Derby, versión The Apache Software Foundation - Apache Derby - 10.11.1.2 - (1629631): 
en el directorio de base de datos F:\windows\WebApplication1\DB_sistema con el cargador de clases sun.misc.Launcher$AppClassLoader@1d44bcfa
Cargado desde file:/C:/Program%20Files/Java/jdk1.8.0_91/db/lib/derby.jar
java.vendor=Oracle Corporation
java.runtime.version=1.8.0_91-b14
user.dir=C:\Program Files\Java\jdk1.8.0_91\db
os.name=Windows 7
os.arch=amd64
os.version=6.1
derby.system.home=F:\windows\WebApplication1
Cargador de clases de base de datos iniciado - derby.database.classpath=''
----------------------------------------------------------------
Wed Mar 06 17:23:00 CET 2019:
Cerrando la instancia a816c00e-0169-53d0-a5d2-ffffa3139bb4 en el directorio de base de datos F:\windows\WebApplication1\DB_sistema con cargador de clases sun.misc.Launcher$AppClassLoader@1d44bcfa
Wed Mar 06 17:23:00 CET 2019 Thread[DRDAConnThread_3,5,main] (DATABASE = DB_sistema), (DRDAID = {2}), Cierre de la base de datos 'DB_sistema'.
----------------------------------------------------------------
Wed Mar 06 17:23:07 CET 2019:
 Iniciando instancia a65c80ac-0169-53d0-a5d2-ffffa3139bb4 de Derby, versión The Apache Software Foundation - Apache Derby - 10.11.1.2 - (1629631): 
en el directorio de base de datos F:\windows\WebApplication1\DB_sistema con el cargador de clases sun.misc.Launcher$AppClassLoader@1d44bcfa
Cargado desde file:/C:/Program%20Files/Java/jdk1.8.0_91/db/lib/derby.jar
java.vendor=Oracle Corporation
java.runtime.version=1.8.0_91-b14
user.dir=C:\Program Files\Java\jdk1.8.0_91\db
os.name=Windows 7
os.arch=amd64
os.version=6.1
derby.system.home=F:\windows\WebApplication1
Cargador de clases de base de datos iniciado - derby.database.classpath=''
----------------------------------------------------------------
Wed Mar 06 17:56:01 CET 2019: cerrando motor de Derby
